<?xml version="1.0" encoding="UTF-8"?>
<testng-results skipped="0" failed="0" total="1" passed="1">
  <reporter-output>
  </reporter-output>
  <suite name="Suite" duration-ms="70814" started-at="2020-07-14T15:00:52Z" finished-at="2020-07-14T15:02:03Z">
    <groups>
      <group name="cucumber">
        <method signature="AbstractTestNGCucumberTests.feature(cucumber.api.testng.CucumberFeatureWrapper)[pri:0, instance:runner.TestRunner@5a955565]" name="feature" class="cucumber.api.testng.AbstractTestNGCucumberTests"/>
      </group> <!-- cucumber -->
    </groups>
    <test name="Log-in functions" duration-ms="70814" started-at="2020-07-14T15:00:52Z" finished-at="2020-07-14T15:02:03Z">
      <class name="runner.TestRunner">
        <test-method status="PASS" signature="setUpClass()[pri:0, instance:runner.TestRunner@5a955565]" name="setUpClass" is-config="true" duration-ms="281" started-at="2020-07-14T20:30:52Z" finished-at="2020-07-14T20:30:52Z">
          <reporter-output>
          </reporter-output>
        </test-method> <!-- setUpClass -->
        <test-method status="PASS" signature="feature(cucumber.api.testng.CucumberFeatureWrapper)[pri:0, instance:runner.TestRunner@5a955565]" name="feature" duration-ms="70420" started-at="2020-07-14T20:30:52Z" description="Runs Cucumber Feature" data-provider="features" finished-at="2020-07-14T20:32:03Z">
          <params>
            <param index="0">
              <value>
                <![CDATA[Log-in functions]]>
              </value>
            </param>
          </params>
          <reporter-output>
          </reporter-output>
        </test-method> <!-- feature -->
        <test-method status="PASS" signature="tearDownClass()[pri:0, instance:runner.TestRunner@5a955565]" name="tearDownClass" is-config="true" duration-ms="9" started-at="2020-07-14T20:32:03Z" finished-at="2020-07-14T20:32:03Z">
          <reporter-output>
          </reporter-output>
        </test-method> <!-- tearDownClass -->
      </class> <!-- runner.TestRunner -->
    </test> <!-- Log-in functions -->
  </suite> <!-- Suite -->
</testng-results>
