<?xml version="1.0" encoding="UTF-8"?>
<!-- Generated by org.testng.reporters.JUnitXMLReporter -->
<testsuite hostname="DESKTOP-5IVSICI" name="HomePage" tests="2" failures="0" timestamp="15 Apr 2020 16:23:54 GMT" time="0.013" errors="0">
  <testcase name="@BeforeMethod initilize" time="0.0" classname="com.base_pkg.org.HomePage">
    <failure type="java.lang.NullPointerException">
      <![CDATA[java.lang.NullPointerException
	at java.io.FileInputStream.<init>(Unknown Source)
	at java.io.FileInputStream.<init>(Unknown Source)
	at resources.Base.initializeDriver(Base.java:27)
	at com.base_pkg.org.HomePage.initilize(HomePage.java:24)
... Removed 26 stack frames]]>
    </failure>
  </testcase> <!-- @BeforeMethod initilize -->
  <testcase name="@AfterMethod tearDown" time="0.0" classname="com.base_pkg.org.HomePage">
    <skipped/>
  </testcase> <!-- @AfterMethod tearDown -->
  <testcase name="@BeforeMethod initilize" time="0.0" classname="com.base_pkg.org.HomePage">
    <skipped/>
  </testcase> <!-- @BeforeMethod initilize -->
  <testcase name="@AfterMethod tearDown" time="0.0" classname="com.base_pkg.org.HomePage">
    <skipped/>
  </testcase> <!-- @AfterMethod tearDown -->
  <testcase name="basepageNavigation" time="0.001" classname="com.base_pkg.org.HomePage">
    <skipped/>
  </testcase> <!-- basepageNavigation -->
  <testcase name="basepageNavigation" time="0.001" classname="com.base_pkg.org.HomePage">
    <skipped/>
  </testcase> <!-- basepageNavigation -->
</testsuite> <!-- HomePage -->
