<?xml version="1.0" encoding="UTF-8"?>
<!-- Generated by org.testng.reporters.JUnitXMLReporter -->
<testsuite ignored="0" hostname="DESKTOP-5IVSICI" failures="1" tests="4" name="Test" time="65.004" errors="0" timestamp="2020-04-08T08:25:24 IST">
  <testcase classname="com.base_pkg.org.Validation_Title" name="validationTitle" time="0.243">
    <failure type="junit.framework.ComparisonFailure" message="expected:&amp;lt;F[EATURED COURSES]&amp;gt; but was:&amp;lt;F[uthure coursces 123]&amp;gt;">
      <![CDATA[junit.framework.ComparisonFailure: expected:<F[EATURED COURSES]> but was:<F[uthure coursces 123]>
at junit.framework.Assert.assertEquals(Assert.java:100)
at junit.framework.Assert.assertEquals(Assert.java:107)
at com.base_pkg.org.Validation_Title.validationTitle(Validation_Title.java:31)
at java.base/java.util.ArrayList.forEach(ArrayList.java:1540)
... Removed 27 stack frames]]>
    </failure>
  </testcase> <!-- validationTitle -->
  <testcase classname="com.base_pkg.org.Validation_NavigationBar" name="validationTitle" time="0.1"/>
  <testcase classname="com.base_pkg.org.HomePage" name="basepageNavigation" time="6.596"/>
  <testcase classname="com.base_pkg.org.HomePage" name="basepageNavigation" time="7.064"/>
</testsuite> <!-- Test -->
