<?xml version="1.0" encoding="UTF-8"?>
<!-- Generated by org.testng.reporters.JUnitXMLReporter -->
<testsuite hostname="DESKTOP-5IVSICI" name="Validation_NavigationBar" tests="1" failures="0" timestamp="15 Apr 2020 16:23:54 GMT" time="0.006" errors="0">
  <testcase name="@BeforeMethod initilize" time="0.0" classname="com.base_pkg.org.Validation_NavigationBar">
    <failure type="java.lang.NullPointerException">
      <![CDATA[java.lang.NullPointerException
	at java.io.FileInputStream.<init>(Unknown Source)
	at java.io.FileInputStream.<init>(Unknown Source)
	at resources.Base.initializeDriver(Base.java:27)
	at com.base_pkg.org.Validation_NavigationBar.initilize(Validation_NavigationBar.java:27)
... Removed 26 stack frames]]>
    </failure>
  </testcase> <!-- @BeforeMethod initilize -->
  <testcase name="@AfterMethod tearDown" time="0.0" classname="com.base_pkg.org.Validation_NavigationBar">
    <skipped/>
  </testcase> <!-- @AfterMethod tearDown -->
  <testcase name="validationTitle" time="0.001" classname="com.base_pkg.org.Validation_NavigationBar">
    <skipped/>
  </testcase> <!-- validationTitle -->
</testsuite> <!-- Validation_NavigationBar -->
