<?xml version="1.0" encoding="UTF-8"?>
<testng-results skipped="1" failed="0" total="1" passed="0">
  <reporter-output>
  </reporter-output>
  <suite name="Default suite" duration-ms="46" started-at="2020-04-15T16:24:33Z" finished-at="2020-04-15T16:24:33Z">
    <groups>
    </groups>
    <test name="Default test" duration-ms="46" started-at="2020-04-15T16:24:33Z" finished-at="2020-04-15T16:24:33Z">
      <class name="com.base_pkg.org.Validation_Title">
        <test-method status="FAIL" signature="initilize()[pri:0, instance:com.base_pkg.org.Validation_Title@4f638935]" name="initilize" is-config="true" duration-ms="0" started-at="2020-04-15T21:54:33Z" finished-at="2020-04-15T21:54:33Z">
          <exception class="java.lang.NullPointerException">
            <full-stacktrace>
              <![CDATA[java.lang.NullPointerException
	at java.io.FileInputStream.<init>(Unknown Source)
	at java.io.FileInputStream.<init>(Unknown Source)
	at resources.Base.initializeDriver(Base.java:27)
	at com.base_pkg.org.Validation_Title.initilize(Validation_Title.java:24)
	at sun.reflect.NativeMethodAccessorImpl.invoke0(Native Method)
	at sun.reflect.NativeMethodAccessorImpl.invoke(Unknown Source)
	at sun.reflect.DelegatingMethodAccessorImpl.invoke(Unknown Source)
	at java.lang.reflect.Method.invoke(Unknown Source)
	at org.testng.internal.MethodInvocationHelper.invokeMethod(MethodInvocationHelper.java:84)
	at org.testng.internal.Invoker.invokeConfigurationMethod(Invoker.java:564)
	at org.testng.internal.Invoker.invokeConfigurations(Invoker.java:213)
	at org.testng.internal.Invoker.invokeMethod(Invoker.java:653)
	at org.testng.internal.Invoker.invokeTestMethod(Invoker.java:901)
	at org.testng.internal.Invoker.invokeTestMethods(Invoker.java:1231)
	at org.testng.internal.TestMethodWorker.invokeTestMethods(TestMethodWorker.java:127)
	at org.testng.internal.TestMethodWorker.run(TestMethodWorker.java:111)
	at org.testng.TestRunner.privateRun(TestRunner.java:767)
	at org.testng.TestRunner.run(TestRunner.java:617)
	at org.testng.SuiteRunner.runTest(SuiteRunner.java:334)
	at org.testng.SuiteRunner.runSequentially(SuiteRunner.java:329)
	at org.testng.SuiteRunner.privateRun(SuiteRunner.java:291)
	at org.testng.SuiteRunner.run(SuiteRunner.java:240)
	at org.testng.SuiteRunnerWorker.runSuite(SuiteRunnerWorker.java:52)
	at org.testng.SuiteRunnerWorker.run(SuiteRunnerWorker.java:86)
	at org.testng.TestNG.runSuitesSequentially(TestNG.java:1224)
	at org.testng.TestNG.runSuitesLocally(TestNG.java:1149)
	at org.testng.TestNG.run(TestNG.java:1057)
	at org.testng.remote.AbstractRemoteTestNG.run(AbstractRemoteTestNG.java:115)
	at org.testng.remote.RemoteTestNG.initAndRun(RemoteTestNG.java:251)
	at org.testng.remote.RemoteTestNG.main(RemoteTestNG.java:77)
]]>
            </full-stacktrace>
          </exception> <!-- java.lang.NullPointerException -->
          <reporter-output>
          </reporter-output>
        </test-method> <!-- initilize -->
        <test-method status="SKIP" signature="validationTitle()[pri:0, instance:com.base_pkg.org.Validation_Title@4f638935]" name="validationTitle" duration-ms="4" started-at="2020-04-15T21:54:33Z" finished-at="2020-04-15T21:54:33Z">
          <reporter-output>
          </reporter-output>
        </test-method> <!-- validationTitle -->
        <test-method status="SKIP" signature="tearDown()[pri:0, instance:com.base_pkg.org.Validation_Title@4f638935]" name="tearDown" is-config="true" duration-ms="0" started-at="2020-04-15T21:54:33Z" finished-at="2020-04-15T21:54:33Z">
          <reporter-output>
          </reporter-output>
        </test-method> <!-- tearDown -->
      </class> <!-- com.base_pkg.org.Validation_Title -->
    </test> <!-- Default test -->
  </suite> <!-- Default suite -->
</testng-results>
